Arguments: 
  /usr/local/Cellar/node/9.4.0/bin/node /usr/local/Cellar/yarn/1.3.2/libexec/bin/yarn.js add babel

PATH: 
  /usr/local/var/rbenv/shims:/Users/amyplant/.rvm/gems/ruby-2.4.0/bin:/Users/amyplant/.rvm/gems/ruby-2.4.0@global/bin:/Users/amyplant/.rvm/rubies/ruby-2.4.0/bin:/usr/local/bin:/usr/bin:/bin:/usr/sbin:/sbin:/usr/local/share/dotnet:/Library/Frameworks/Mono.framework/Versions/Current/Commands:/usr/local/var/rbenv/shims:/Users/amyplant/.rvm/gems/ruby-2.4.0/bin:/Users/amyplant/.rvm/gems/ruby-2.4.0@global/bin:/Users/amyplant/.rvm/rubies/ruby-2.4.0/bin:/Users/amyplant/.rvm/bin:/Users/amyplant/.rvm/bin:/Users/amyplant/.rvm/bin

Yarn version: 
  1.3.2

Node version: 
  9.4.0

Platform: 
  darwin x64

npm manifest: 
  {
    "name": "expensify",
    "version": "1.0.0",
    "main": "index.js",
    "author": "“CodeCaverAmy” <“amyplant@me.com”>",
    "license": "MIT",
    "dependencies": {
      "babel-cli": "^6.26.0",
      "babel-core": "^6.26.0",
      "babel-loader": "^7.1.2",
      "babel-plugin-transform-class-properties": "^6.24.1",
      "babel-plugin-transform-object-rest-spread": "^6.26.0",
      "babel-preset-env": "^1.6.1",
      "babel-preset-react": "^6.24.1",
      "css-loader": "^0.28.9",
      "express": "^4.16.2",
      "extract-text-webpack-plugin": "^3.0.2",
      "jest": "^22.1.4",
      "jshint": "^2.9.5",
      "live-server": "^1.2.0",
      "moment": "^2.20.1",
      "node-sass": "^4.7.2",
      "normalize.css": "^7.0.0",
      "react": "^16.2.0",
      "react-addons-shallow-compare": "^15.6.2",
      "react-dates": "^16.2.1",
      "react-dom": "^16.2.0",
      "react-modal": "2.2.2",
      "react-redux": "^5.0.6",
      "react-router-dom": "^4.2.2",
      "redux": "^3.7.2",
      "sass-loader": "^6.0.6",
      "style-loader": "^0.20.1",
      "uuid": "^3.2.1",
      "validator": "^9.3.0",
      "webpack": "^3.10.0",
      "webpack-dev-server": "^2.11.1"
    },
    "devDependencies": {},
    "scripts": {
      "serve": "live-server public/",
      "build:dev": "webpack",
      "build:prod": "webpack -p --env production",
      "dev-server": "webpack-dev-server",
      "test": "jest",
      "start": "node server/server.js",
      "heroku-postbuild": "yarn run build:prod"
    },
    "repository": {
      "type": "git",
      "url": "git+https://github.com/CodeCaverAmy/IndecisionApp.git"
    },
    "bugs": {
      "url": "https://github.com/CodeCaverAmy/IndecisionApp/issues"
    },
    "homepage": "https://github.com/CodeCaverAmy/IndecisionApp#readme",
    "description": "App that makes decisions when you can't."
  }

yarn manifest: 
  No manifest

Lockfile: 
  No lockfile

Trace: 
  Error: https://registry.yarnpkg.com/babel-cli: ETIMEDOUT
      at Timeout._onTimeout (/usr/local/Cellar/yarn/1.3.2/libexec/lib/cli.js:123749:19)
      at ontimeout (timers.js:458:11)
      at tryOnTimeout (timers.js:296:5)
      at Timer.listOnTimeout (timers.js:259:5)
